#######################################
# PHOTOMETRIC REDSHIFT with OPTIONS   #
#          Input catalog              #
# CAT_IN      : /data/beegfs/astro-storage/groups/walter/byrne/glq_mpia/sed_fitting/lephare/lephare_input.in
# CAT_LINES     :          1     100000
# INP_TYPE    : M
# CAT_MAG     : AB
# CAT_FMT[0:MEME 1:MMEE]:      0
#          Input library              #
# FILTER_FILE : HDF.filt
# AB   g r i z Y J K W1 W2 
#    -0.077    0.193    0.425    0.533    0.582    0.930    1.840    2.684    3.320
# ZPHOTLIB    : CWW_HDF STAR_HDF QSO_HDF 
# using       : LIB_CWW LIB_QSO LIB_STAR
# ADD_EMLINES  : NO
# Z_STEP      :    0.04 10.00  0.10
# CHI2_RM_BD  :  10000.00 10000.00
# Z_RANGE     :    0.000   99.990
# EBV_RANGE   :    0.000    9.000
# Z_INTERP    : YES
# COSMOLOGY   :   70.00  0.30  0.70
# EXTINC_LAW  :   calzetti.dat
# EB_V        :   0.000 0.050 0.100 0.200 0.300
# MOD_EXTINC  :       4      8
# FAST_MODE   : NO
# ERR_SCALE   : -1.000
# ERR_FACTOR  :  1.500
#          Options                    #
# BD_SCALE    :        0
# GLB_CONTEXT :           -1
# DZ_WIN      :  0.500
# MIN_THRES   :  0.100
# MASS_SCALE  :   0.00   0.00
# MAG_ABS     :   -10.00   -26.00
# MAG_REF     :         4
# PROB_INTZ   :  0.000
# MABS_METHOD :    1
# MABS_CONTEXT:         -1
# MABS_REF    :    4
# AUTO_ADAPT  : NO
# NZ_PRIOR    :         0        0        0
# ZFIX        : NO
# SPEC_OUT    : YES
# CHI2_OUT    : NO
# PDZ_OUT     : NONE
# CAT_OUT     : /data/beegfs/astro-storage/groups/walter/byrne/glq_mpia/sed_fitting/lephare/lephare_output.out
# PARA_OUT    : /data/beegfs/astro-storage/groups/walter/byrne/glq_mpia/sed_fitting/lephare/lephare_para_output.para
# CREATION_DATE: Wed Sep 21 13:57:46 2022
# Output format                       #
#  IDENT   1 , Z_BEST   2 , Z_BEST68_LOW   3 , Z_BEST68_HIGH   4 , Z_ML   5 , 
#  CHI_BEST   6 , MOD_BEST   7 , MAG_ABS_BEST   8 , PDZ_BEST   9 , SCALE_BEST  10 , 
#  DIST_MOD_BEST  11 , NBAND_USED  12 , Z_SEC  13 , CHI_SEC  14 , MOD_SEC  15 , 
#  AGE_SEC  16 , Z_QSO  17 , CHI_QSO  18 , MOD_QSO  19 , MAG_ABS_QSO  20 , 
#  DIST_MOD_QSO  21 , MOD_STAR  22 , CHI_STAR  23 , CONTEXT  24 , ZSPEC  25 , 
#######################################
  931684428    0.0000    0.0000    0.0000  -99.0000 0.238356E+07      6   -13.703  100.000 0.323892E-01 0.000000E+00    9    0.0000 0.238356E+07      6 -.990000E+02    0.3600 0.108625E+07      5   -25.167 0.414170E+02     53 0.368876E+07         511.0000 -.990000E+02
 1556041733    0.0000    0.0000    0.0000  -99.0000 0.493507E+07      6   -13.375  100.000 0.196960E-01 0.000000E+00    9    0.0000 0.493507E+07      6 -.990000E+02    0.3600 0.340810E+07     21   -24.504 0.414170E+02    249 0.556088E+07         511.0000 -.990000E+02
  979002481    0.0000    0.0000    0.0000  -99.0000 0.468933E+07      6   -13.589  100.000 0.239905E-01 0.000000E+00    9    0.0000 0.468933E+07      6 -.990000E+02    0.4000 0.321413E+07     21   -25.014 0.416860E+02     18 0.361509E+07         511.0000 -.990000E+02
  995403105    0.3662    0.3600    0.3600  -99.0000 0.494479E+07      6   -25.290  100.000 0.107130E+16 0.414603E+02    9    0.0000 0.533564E+07      6 -.990000E+02    1.2800 0.467912E+07     28   -29.573 0.447649E+02     65 0.648082E+07         511.0000 -.990000E+02
  979097465    0.3580    0.3600    0.3600  -99.0000 0.249094E+07      6   -25.098  100.000 0.700396E+15 0.414026E+02    9    0.0000 0.284060E+07      6 -.990000E+02    0.0000 0.249717E+07     16   -13.238 0.000000E+00     51 0.342737E+07         511.0000 -.990000E+02
  901157280    0.0000    0.0000    0.0000  -99.0000 0.211207E+07      6   -13.292  100.000 0.182406E-01 0.000000E+00    9    0.0000 0.211207E+07      6 -.990000E+02    0.4400 0.146201E+07     21   -24.882 0.419311E+02    248 0.227885E+07         511.0000 -.990000E+02
 1182803195    0.6258    0.6400    0.6400  -99.0000 0.177575E+07      1   -25.962  100.000 0.272064E+07 0.428515E+02    9    0.0000 0.317932E+07      8 -.990000E+02    5.7200 0.246445E+06     24   -31.328 0.486873E+02    182 0.179068E+06         511.0000 -.990000E+02
 1368752792    0.6687    0.6800    0.6800  -99.0000 0.438780E+06      8   -25.987  100.000 0.204824E+16 0.430272E+02    9    0.0000 0.657733E+06      8 -.990000E+02    1.1600 0.871061E+05      9   -28.345 0.445004E+02    176 0.423409E+06         511.0000 -.990000E+02
 1082465518    0.7836    0.8000    0.8000  -99.0000 0.571481E+05      1   -25.983  100.000 0.278311E+07 0.434486E+02    9    0.0000 0.321405E+06      8 -.990000E+02    5.8800 0.413234E+05      4   -29.253 0.487571E+02    215 0.177994E+05         511.0000 -.990000E+02
 1269986898    1.0428    1.0400    1.0400  -99.0000 0.399573E+05      7   -25.932  100.000 0.138305E+16 0.442144E+02    9    0.0000 0.586324E+05      4 -.990000E+02    0.3600 0.274882E+05     18   -22.459 0.414170E+02     76 0.913617E+05         511.0000 -.990000E+02
 1207256075    0.7858    0.8000    0.8000  -99.0000 0.186362E+06      1   -25.954  100.000 0.273055E+07 0.434564E+02    9    0.0000 0.476766E+06      8 -.990000E+02    5.6800 0.106120E+06     24   -30.034 0.486696E+02    182 0.556278E+05         511.0000 -.990000E+02
 1297907736    0.8204    0.8385    0.8400  -99.0000 0.283665E+05      1   -25.392  100.000 0.160352E+07 0.435714E+02    9  -99.0000 0.100000E+10   -999 -.990000E+02    5.8400 0.586021E+04     21   -28.713 0.487399E+02    190 0.357614E+04         511.0000 -.990000E+02
 1119486854    0.8132    0.8000    0.8001  -99.0000 0.354428E+05      1   -25.217  100.000 0.150551E+07 0.435478E+02    9  -99.0000 0.100000E+10   -999 -.990000E+02    5.8800 0.854657E+04     14   -28.543 0.487571E+02    127 0.468590E+04         511.0000 -.990000E+02
 1181123335    1.1461    1.1600    1.1600  -99.0000 0.387533E+05      3   -25.988  100.000 0.196136E+07 0.444679E+02    9    0.0000 0.567712E+05      4 -.990000E+02    1.0800 0.345345E+05     28   -25.985 0.443084E+02    136 0.644370E+05         511.0000 -.990000E+02
 1473179616    0.8091    0.8000    0.8001  -99.0000 0.308676E+05      1   -25.108  100.000 0.134519E+07 0.435343E+02    9  -99.0000 0.100000E+10   -999 -.990000E+02    5.8800 0.592469E+04     14   -28.514 0.487571E+02    186 0.249798E+04         511.0000 -.990000E+02
 1599128797    0.6620    0.6800    0.6800  -99.0000 0.845087E+05      1   -25.846  100.000 0.241846E+07 0.430002E+02    9    0.0000 0.338412E+06      8 -.990000E+02    5.8800 0.335713E+05      5   -30.465 0.487571E+02    215 0.217522E+05         511.0000 -.990000E+02
 1548167334    1.1446    1.1596    1.1601  -99.0000 0.528106E+05      3   -25.166  100.000 0.916889E+06 0.444644E+02    9  -99.0000 0.100000E+10   -999 -.990000E+02    1.0400 0.405335E+05     28   -25.076 0.442070E+02    158 0.443733E+05         511.0000 -.990000E+02
 1599078182    0.8710    0.8799    0.8801  -99.0000 0.243924E+05      1   -25.450  100.000 0.174831E+07 0.437316E+02    9  -99.0000 0.100000E+10   -999 -.990000E+02    5.5600 0.546101E+04     24   -29.015 0.486155E+02    177 0.217409E+04         511.0000 -.990000E+02
  951168040    0.8820    0.8799    0.8801  -99.0000 0.304270E+05      1   -25.579  100.000 0.203090E+07 0.437650E+02    9  -99.0000 0.100000E+10   -999 -.990000E+02    5.5200 0.876884E+04     24   -29.069 0.485972E+02    175 0.359670E+04         511.0000 -.990000E+02
 1185153369    0.9074    0.9200    0.9200  -99.0000 0.174760E+06      1   -25.911  100.000 0.264896E+07 0.438410E+02    9  -99.0000 0.100000E+10   -999 -.990000E+02    2.6400 0.473422E+05      6   -29.991 0.466926E+02    176 0.854681E+05         511.0000 -.990000E+02
 1548815709    0.8635    0.8800    0.8800  -99.0000 0.860462E+05      4   -25.913  100.000 0.111554E+07 0.437084E+02    9    0.0000 0.142253E+06      7 -.990000E+02    1.1200 0.284755E+05      8   -26.349 0.444061E+02    137 0.130953E+06         511.0000 -.990000E+02
 1365235479    0.5477    0.5600    0.5600  -99.0000 0.180198E+07      1   -25.692  100.000 0.212306E+07 0.425008E+02    9    0.0000 0.301664E+07      8 -.990000E+02    5.8400 0.356047E+06     21   -30.874 0.487399E+02    183 0.183294E+06         511.0000 -.990000E+02
 1500545372    0.9441    0.9598    0.9600  -99.0000 0.279021E+05      1   -25.704  100.000 0.217394E+07 0.439473E+02    9  -99.0000 0.100000E+10   -999 -.990000E+02    5.6000 0.649649E+04     24   -28.950 0.486336E+02    179 0.253068E+04         511.0000 -.990000E+02
 1240497313    0.9770    0.9600    0.9605  -99.0000 0.247336E+05      1   -25.715  100.000 0.238919E+07 0.440394E+02    9  -99.0000 0.100000E+10   -999 -.990000E+02    5.6800 0.137092E+05     24   -28.998 0.486696E+02    177 0.642757E+04         511.0000 -.990000E+02
 1375097239    0.7922    0.7999    0.8000  -99.0000 0.193558E+05      1   -24.785  100.000 0.948945E+06 0.434780E+02    9  -99.0000 0.100000E+10   -999 -.990000E+02    5.8400 0.441075E+04     14   -28.123 0.487399E+02    192 0.183051E+04         511.0000 -.990000E+02
  917620855    0.8602    0.8799    0.8800  -99.0000 0.619381E+05      1   -25.905  100.000 0.257611E+07 0.436979E+02    9    0.0000 0.242028E+06      8 -.990000E+02    5.6000 0.174129E+05     24   -29.496 0.486336E+02    183 0.969044E+04         511.0000 -.990000E+02
 1056009417    0.7046    0.7200    0.7200  -99.0000 0.538778E+06      1   -25.962  100.000 0.272403E+07 0.431657E+02    9    0.0000 0.119950E+07      8 -.990000E+02    5.7200 0.825903E+05     24   -30.674 0.486873E+02    210 0.701766E+05         511.0000 -.990000E+02
 1411972336    0.7953    0.8000    0.8000  -99.0000 0.276391E+05      1   -25.052  100.000 0.122433E+07 0.434882E+02    9  -99.0000 0.100000E+10   -999 -.990000E+02    5.8400 0.112125E+05     14   -28.326 0.487399E+02    214 0.412021E+04         511.0000 -.990000E+02
 1215841315    0.8413    0.8400    0.8400  -99.0000 0.213364E+05      1   -25.160  100.000 0.137758E+07 0.436386E+02    9  -99.0000 0.100000E+10   -999 -.990000E+02    5.4800 0.410694E+04     24   -28.805 0.485787E+02    193 0.324423E+04         511.0000 -.990000E+02
  936236876    0.8871    0.8799    0.8802  -99.0000 0.157075E+05      1   -25.230  100.000 0.149359E+07 0.437804E+02    9  -99.0000 0.100000E+10   -999 -.990000E+02    5.8800 0.221834E+04     21   -28.289 0.487571E+02    184 0.182994E+04         511.0000 -.990000E+02
 1272253209    0.8505    0.8399    0.8402  -99.0000 0.156266E+05      1   -24.894  100.000 0.110753E+07 0.436676E+02    9  -99.0000 0.100000E+10   -999 -.990000E+02    5.8800 0.351114E+04     21   -28.231 0.487571E+02    184 0.226890E+04         511.0000 -.990000E+02
  911029873    0.8345    0.8399    0.8401  -99.0000 0.115019E+05      1   -24.970  100.000 0.113323E+07 0.436168E+02    9  -99.0000 0.100000E+10   -999 -.990000E+02    5.8400 0.209103E+04     21   -28.221 0.487399E+02    190 0.162606E+04         511.0000 -.990000E+02
 1333086643    0.7989    0.8000    0.8000  -99.0000 0.143538E+05      1   -24.855  100.000 0.103271E+07 0.435004E+02    9  -99.0000 0.100000E+10   -999 -.990000E+02    5.8400 0.375455E+04     14   -28.124 0.487399E+02    194 0.236578E+04         511.0000 -.990000E+02
 1556468203    0.8048    0.8000    0.8001  -99.0000 0.119527E+05      1   -24.816  100.000 0.101479E+07 0.435199E+02    9  -99.0000 0.100000E+10   -999 -.990000E+02    5.4400 0.357407E+04     24   -28.649 0.485601E+02    193 0.196938E+04         511.0000 -.990000E+02
 1558968033    0.8272    0.8400    0.8400  -99.0000 0.291456E+05      1   -25.873  100.000 0.254768E+07 0.435933E+02    9    0.0000 0.136957E+06      8 -.990000E+02    1.1200 0.193363E+05     10   -26.589 0.444061E+02    165 0.306516E+05         511.0000 -.990000E+02
  958355441    0.8380    0.8400    0.8400  -99.0000 0.332139E+05      1   -25.501  100.000 0.186795E+07 0.436280E+02    9    0.0000 0.143871E+06      8 -.990000E+02    5.8400 0.667601E+04     20   -29.095 0.487399E+02    190 0.421377E+04         511.0000 -.990000E+02
  872311405    0.8144    0.8000    0.8002  -99.0000 0.341323E+05      1   -25.181  100.000 0.146212E+07 0.435518E+02    9    0.0000 0.812348E+05      8 -.990000E+02    5.9600 0.368916E+04      4   -28.605 0.487913E+02    128 0.675254E+04         511.0000 -.990000E+02
  941832300    0.8119    0.8000    0.8001  -99.0000 0.230927E+05      1   -25.283  100.000 0.159464E+07 0.435436E+02    9    0.0000 0.870045E+05      8 -.990000E+02    5.8400 0.800193E+04     21   -28.812 0.487399E+02    190 0.502334E+04         511.0000 -.990000E+02
  889513337    0.8462    0.8400    0.8400  -99.0000 0.333383E+05      1   -25.638  100.000 0.217064E+07 0.436541E+02    9    0.0000 0.198960E+06      8 -.990000E+02    5.4800 0.662437E+04     24   -29.277 0.485787E+02    190 0.456014E+04         511.0000 -.990000E+02
 1272493342    0.8353    0.8399    0.8400  -99.0000 0.200183E+05      1   -25.243  100.000 0.146072E+07 0.436195E+02    9  -99.0000 0.100000E+10   -999 -.990000E+02    5.4800 0.520532E+04     24   -28.928 0.485787E+02    190 0.326526E+04         511.0000 -.990000E+02
 1510807059    0.8174    0.8000    0.8004  -99.0000 0.150075E+05      1   -24.712  100.000 0.958155E+06 0.435617E+02    9  -99.0000 0.100000E+10   -999 -.990000E+02    5.8000 0.368296E+04     21   -28.216 0.487225E+02    190 0.210706E+04         511.0000 -.990000E+02
 1432926496    0.9561    0.9600    0.9600  -99.0000 0.183401E+06      8   -25.927  100.000 0.199762E+16 0.439813E+02    9    0.0000 0.255567E+06      8 -.990000E+02    0.1200 0.110116E+05      7   -19.577 0.387413E+02    174 0.982824E+05         511.0000 -.990000E+02
 1553779124    0.8125    0.8000    0.8001  -99.0000 0.118485E+05      1   -24.732  100.000 0.960993E+06 0.435454E+02    9  -99.0000 0.100000E+10   -999 -.990000E+02    5.8400 0.172225E+04     14   -27.979 0.487399E+02    192 0.278747E+03         511.0000 -.990000E+02
  981932555    0.8138    0.8000    0.8002  -99.0000 0.112750E+05      1   -24.609  100.000 0.861757E+06 0.435498E+02    9  -99.0000 0.100000E+10   -999 -.990000E+02    5.8800 0.129194E+04     14   -27.927 0.487571E+02    193 0.752163E+03         511.0000 -.990000E+02
 1073058556    0.8975    0.8798    0.8827  -99.0000 0.658909E+04      1   -25.017  100.000 0.126286E+07 0.438118E+02    9  -99.0000 0.100000E+10   -999 -.990000E+02    5.6400 0.428940E+04     24   -28.657 0.486517E+02    175 0.133863E+04         511.0000 -.990000E+02
 1031197417    0.7965    0.7999    0.8001  -99.0000 0.744086E+04      1   -24.635  100.000 0.837110E+06 0.434922E+02    9  -99.0000 0.100000E+10   -999 -.990000E+02    5.8400 0.274133E+04     21   -28.146 0.487399E+02    190 0.115268E+04         511.0000 -.990000E+02
 1581925982    0.8099    0.8000    0.8000  -99.0000 0.338010E+05      1   -25.640  100.000 0.220122E+07 0.435371E+02    9    0.0000 0.149487E+06      8 -.990000E+02    5.8400 0.611321E+04     14   -28.909 0.487399E+02    193 0.183715E+04         511.0000 -.990000E+02
 1193604751    0.7933    0.7996    0.8002  -99.0000 0.136753E+05      6   -24.436  100.000 0.459333E+15 0.434817E+02    9    0.0000 0.181426E+05      6 -.990000E+02    0.3600 0.880187E+04      6   -22.017 0.414170E+02    141 0.264207E+05         511.0000 -.990000E+02
 1105176403    1.1198    1.1200    1.1200  -99.0000 0.393168E+05      4   -25.969  100.000 0.101021E+07 0.444058E+02    9    0.0000 0.685693E+05      4 -.990000E+02    1.2000 0.173655E+05      8   -26.111 0.445915E+02    136 0.769244E+05         511.0000 -.990000E+02
 1048638437    0.3525    0.3600    0.3600  -99.0000 0.315536E+06      8   -24.725  100.000 0.634656E+15 0.413633E+02    9    0.0000 0.426010E+06      7 -.990000E+02    0.4000 0.267906E+06      6   -24.028 0.416860E+02    136 0.369471E+06         511.0000 -.990000E+02
 1475578575    0.8155    0.8000    0.8002  -99.0000 0.178512E+05      1   -24.975  100.000 0.121394E+07 0.435554E+02    9  -99.0000 0.100000E+10   -999 -.990000E+02    5.8000 0.463159E+04     21   -28.426 0.487225E+02    193 0.234248E+04         511.0000 -.990000E+02
 1429637520    0.7847    0.7996    0.8000  -99.0000 0.903223E+04      1   -24.626  100.000 0.800542E+06 0.434525E+02    9  -99.0000 0.100000E+10   -999 -.990000E+02    5.8400 0.202932E+04     14   -27.952 0.487399E+02    193 0.109588E+04         511.0000 -.990000E+02
  982712660    0.8256    0.8398    0.8400  -99.0000 0.139639E+05      1   -24.909  100.000 0.104381E+07 0.435881E+02    9  -99.0000 0.100000E+10   -999 -.990000E+02    5.4800 0.439878E+04     24   -28.550 0.485787E+02    193 0.176346E+04         511.0000 -.990000E+02
 1007288630    0.8412    0.8399    0.8401  -99.0000 0.108810E+05      1   -24.887  100.000 0.107087E+07 0.436384E+02    9  -99.0000 0.100000E+10   -999 -.990000E+02    5.8400 0.167765E+04     21   -28.116 0.487399E+02    193 0.118626E+04         511.0000 -.990000E+02
 1289674526    0.9070    0.9199    0.9200  -99.0000 0.723383E+05      1   -25.342  100.000 0.156741E+07 0.438400E+02    9  -99.0000 0.100000E+10   -999 -.990000E+02    6.0000 0.151188E+05      4   -28.366 0.488082E+02    158 0.407898E+05         511.0000 -.990000E+02
 1153543554    0.8050    0.7999    0.8001  -99.0000 0.107960E+05      1   -24.571  100.000 0.809957E+06 0.435205E+02    9  -99.0000 0.100000E+10   -999 -.990000E+02    5.8400 0.367818E+04     21   -28.104 0.487399E+02    213 0.144884E+04         511.0000 -.990000E+02
 1043456679    0.9603    0.9599    0.9601  -99.0000 0.134504E+05      1   -25.298  100.000 0.156066E+07 0.439931E+02    9  -99.0000 0.100000E+10   -999 -.990000E+02    5.6800 0.273433E+04     24   -28.640 0.486696E+02    181 0.157633E+04         511.0000 -.990000E+02
 1360829324    0.8140    0.7999    0.8003  -99.0000 0.764995E+04      1   -24.578  100.000 0.838304E+06 0.435503E+02    9  -99.0000 0.100000E+10   -999 -.990000E+02    5.8400 0.185142E+04     21   -28.029 0.487399E+02    190 0.120353E+04         511.0000 -.990000E+02
  885456761    0.8268    0.8399    0.8400  -99.0000 0.270111E+05      1   -25.387  100.000 0.162733E+07 0.435921E+02    9  -99.0000 0.100000E+10   -999 -.990000E+02    5.8400 0.621688E+04     21   -28.662 0.487399E+02    193 0.257074E+04         511.0000 -.990000E+02
 1238476031    0.9691    0.9600    0.9601  -99.0000 0.949884E+05      1   -25.053  100.000 0.127272E+07 0.440176E+02    9  -99.0000 0.100000E+10   -999 -.990000E+02    6.1000 0.146330E+05     22   -28.857 0.488499E+02    210 0.634472E+05         511.0000 -.990000E+02
  913631125    0.8319    0.8397    0.8401  -99.0000 0.595478E+04      1   -24.693  100.000 0.871541E+06 0.436084E+02    9  -99.0000 0.100000E+10   -999 -.990000E+02    5.8800 0.603942E+03     21   -28.035 0.487571E+02    189 0.440375E+03         511.0000 -.990000E+02
 1012363653    0.8035    0.7999    0.8001  -99.0000 0.777274E+04      1   -24.568  100.000 0.804544E+06 0.435157E+02    9  -99.0000 0.100000E+10   -999 -.990000E+02    5.8400 0.188294E+04     14   -27.829 0.487399E+02    192 0.104425E+04         511.0000 -.990000E+02
 1423015052    0.8345    0.8399    0.8401  -99.0000 0.126214E+05      1   -24.640  100.000 0.836408E+06 0.436168E+02    9  -99.0000 0.100000E+10   -999 -.990000E+02    5.5600 0.291487E+04     24   -28.430 0.486155E+02    189 0.139931E+04         511.0000 -.990000E+02
  982760821    0.8317    0.8399    0.8400  -99.0000 0.217978E+05      1   -25.094  100.000 0.126053E+07 0.436079E+02    9  -99.0000 0.100000E+10   -999 -.990000E+02    5.8400 0.609985E+04     21   -28.377 0.487399E+02    190 0.340967E+04         511.0000 -.990000E+02
  981945930    0.8388    0.8400    0.8400  -99.0000 0.132049E+05      1   -25.098  100.000 0.129162E+07 0.436307E+02    9  -99.0000 0.100000E+10   -999 -.990000E+02    5.4800 0.362530E+04     24   -28.742 0.485787E+02    193 0.281291E+04         511.0000 -.990000E+02
 1582602558    1.2597    1.2400    1.2416  -99.0000 0.143455E+05      7   -25.894  100.000 0.137800E+16 0.447219E+02    9    0.0000 0.296851E+05      6 -.990000E+02    1.2800 0.139767E+05     28   -26.346 0.447649E+02    142 0.436972E+05         511.0000 -.990000E+02
 1226224011    0.8253    0.8398    0.8400  -99.0000 0.161906E+05      1   -25.039  100.000 0.117613E+07 0.435873E+02    9  -99.0000 0.100000E+10   -999 -.990000E+02    5.8400 0.513376E+04     21   -28.310 0.487399E+02    188 0.233063E+04         511.0000 -.990000E+02
 1215216982    0.8329    0.8400    0.8400  -99.0000 0.250471E+05      1   -25.774  100.000 0.236551E+07 0.436119E+02    9    0.0000 0.125934E+06      8 -.990000E+02    5.4800 0.886468E+04     24   -29.411 0.485787E+02    213 0.417453E+04         511.0000 -.990000E+02
  970053914    0.8293    0.8400    0.8400  -99.0000 0.372217E+05      1   -25.705  100.000 0.219657E+07 0.436001E+02    9    0.0000 0.190055E+06      8 -.990000E+02    5.4800 0.111320E+05     24   -29.359 0.485787E+02    127 0.498534E+04         511.0000 -.990000E+02
 1285172073    0.8179    0.8000    0.8003  -99.0000 0.253338E+05      1   -24.996  100.000 0.124629E+07 0.435633E+02    9  -99.0000 0.100000E+10   -999 -.990000E+02    5.8400 0.511893E+04     21   -28.526 0.487399E+02    191 0.313653E+04         511.0000 -.990000E+02
 1594567413    0.8262    0.8399    0.8400  -99.0000 0.151480E+05      1   -25.267  100.000 0.145392E+07 0.435901E+02    9  -99.0000 0.100000E+10   -999 -.990000E+02    5.4800 0.341498E+04     24   -28.936 0.485787E+02    193 0.264665E+04         511.0000 -.990000E+02
  953140491    0.8959    0.8799    0.8807  -99.0000 0.162174E+05      1   -24.515  100.000 0.791914E+06 0.438068E+02    9  -99.0000 0.100000E+10   -999 -.990000E+02    6.0000 0.280255E+04      4   -27.688 0.488082E+02    158 0.780791E+04         511.0000 -.990000E+02
  959367057    1.1103    1.1200    1.1200  -99.0000 0.306327E+05      4   -25.871  100.000 0.110051E+07 0.443828E+02    9  -99.0000 0.100000E+10   -999 -.990000E+02    1.8400 0.112774E+05      2   -27.965 0.457367E+02    176 0.521745E+05         511.0000 -.990000E+02
 1216251641    0.8314    0.8399    0.8401  -99.0000 0.129680E+05      1   -24.603  100.000 0.800889E+06 0.436069E+02    9  -99.0000 0.100000E+10   -999 -.990000E+02    5.8400 0.231445E+04     20   -28.251 0.487399E+02    191 0.121241E+04         511.0000 -.990000E+02
 1568732757    0.8206    0.8392    0.8400  -99.0000 0.305404E+05      1   -25.432  100.000 0.166509E+07 0.435720E+02    9    0.0000 0.146272E+06      8 -.990000E+02    5.4800 0.777987E+04     24   -29.117 0.485787E+02    191 0.436205E+04         511.0000 -.990000E+02
  969592632    0.9321    0.9199    0.9206  -99.0000 0.190350E+05      1   -25.803  100.000 0.256208E+07 0.439131E+02    9  -99.0000 0.100000E+10   -999 -.990000E+02    5.8400 0.653218E+04     19   -29.125 0.487399E+02    175 0.210805E+04         511.0000 -.990000E+02
  987544688    0.8234    0.8398    0.8400  -99.0000 0.263824E+05      1   -25.257  100.000 0.142958E+07 0.435812E+02    9  -99.0000 0.100000E+10   -999 -.990000E+02    5.8400 0.697508E+04     21   -28.582 0.487399E+02    188 0.326904E+04         511.0000 -.990000E+02
 1071668903    0.8489    0.8400    0.8401  -99.0000 0.240018E+05      1   -25.234  100.000 0.150789E+07 0.436626E+02    9  -99.0000 0.100000E+10   -999 -.990000E+02    5.5600 0.518692E+04     24   -28.982 0.486155E+02    186 0.241480E+04         511.0000 -.990000E+02
 1461097600    0.7120    0.7197    0.7201  -99.0000 0.149910E+05      1   -24.628  100.000 0.818434E+06 0.431935E+02    9    0.0000 0.563472E+05      8 -.990000E+02    5.8400 0.753218E+04      4   -28.350 0.487399E+02    215 0.173360E+04         511.0000 -.990000E+02
  944910821    0.7951    0.7998    0.8001  -99.0000 0.203048E+05      6   -24.955  100.000 0.110087E+16 0.434878E+02    9    0.0000 0.357680E+05      7 -.990000E+02    0.4000 0.154776E+05      6   -22.151 0.416860E+02    137 0.331459E+05         511.0000 -.990000E+02
 1261251312    0.7801    0.7996    0.8000  -99.0000 0.669768E+05      1   -25.948  100.000 0.266615E+07 0.434368E+02    9    0.0000 0.195181E+06      8 -.990000E+02    5.8400 0.337020E+05     14   -29.283 0.487399E+02    214 0.122223E+05         511.0000 -.990000E+02
 1449896172    1.1038    1.1200    1.1200  -99.0000 0.858057E+05      3   -25.975  100.000 0.192556E+07 0.443670E+02    9    0.0000 0.116618E+06      7 -.990000E+02    0.7600 0.637784E+05     27   -23.657 0.433672E+02    158 0.901560E+05         511.0000 -.990000E+02
 1080850250    0.8135    0.7999    0.8003  -99.0000 0.608281E+04      1   -24.489  100.000 0.770875E+06 0.435487E+02    9  -99.0000 0.100000E+10   -999 -.990000E+02    5.4400 0.940811E+03     24   -28.304 0.485601E+02    194 0.825246E+03         511.0000 -.990000E+02
 1503305740    0.8070    0.7999    0.8001  -99.0000 0.758029E+04      1   -24.350  100.000 0.665251E+06 0.435272E+02    9  -99.0000 0.100000E+10   -999 -.990000E+02    5.8400 0.186245E+04     21   -27.922 0.487399E+02    191 0.115353E+04         511.0000 -.990000E+02
 1434095073    1.1501    1.1600    1.1600  -99.0000 0.604042E+04      4   -25.890  100.000 0.111949E+07 0.444774E+02    9  -99.0000 0.100000E+10   -999 -.990000E+02    1.1200 0.364997E+04      8   -25.231 0.444061E+02    136 0.254614E+05         511.0000 -.990000E+02
 1602026175    0.8306    0.8399    0.8400  -99.0000 0.124904E+05      1   -25.324  100.000 0.155203E+07 0.436043E+02    9    0.0000 0.747487E+05      8 -.990000E+02    5.4800 0.352341E+04     24   -28.966 0.485787E+02    169 0.226150E+04         511.0000 -.990000E+02
 1280793770    0.8871    0.8799    0.8802  -99.0000 0.137655E+05      1   -25.403  100.000 0.175216E+07 0.437805E+02    9  -99.0000 0.100000E+10   -999 -.990000E+02    5.5600 0.654743E+04     24   -28.960 0.486155E+02    173 0.226239E+04         511.0000 -.990000E+02
 1375884604    0.9021    0.9178    0.9201  -99.0000 0.272673E+05      1   -25.390  100.000 0.161663E+07 0.438254E+02    9  -99.0000 0.100000E+10   -999 -.990000E+02    5.6400 0.543157E+04     24   -28.889 0.486517E+02    181 0.246425E+04         511.0000 -.990000E+02
 1434787929    0.8395    0.8399    0.8401  -99.0000 0.237657E+05      1   -24.769  100.000 0.956103E+06 0.436330E+02    8  -99.0000 0.100000E+10   -999 -.990000E+02    5.8800 0.588832E+04     20   -28.503 0.487571E+02    183 0.243355E+04         510.0000 -.990000E+02
  872071625    0.7963    0.7999    0.8001  -99.0000 0.646364E+04      1   -24.618  100.000 0.823336E+06 0.434916E+02    9  -99.0000 0.100000E+10   -999 -.990000E+02    5.8400 0.866895E+03     14   -27.928 0.487399E+02    193 0.651979E+03         511.0000 -.990000E+02
  913826584    0.8483    0.8399    0.8402  -99.0000 0.860861E+04      1   -24.878  100.000 0.108448E+07 0.436608E+02    9  -99.0000 0.100000E+10   -999 -.990000E+02    5.5200 0.202935E+04     24   -28.576 0.485972E+02    177 0.164199E+04         511.0000 -.990000E+02
  902690024    1.0245    1.0400    1.0400  -99.0000 0.353396E+05      1   -25.850  100.000 0.249615E+07 0.441668E+02    9  -99.0000 0.100000E+10   -999 -.990000E+02    6.4000 0.230959E+05      1   -30.975 0.489709E+02    180 0.175467E+05         511.0000 -.990000E+02
 1597611625    0.8589    0.8399    0.8422  -99.0000 0.934226E+04      1   -24.595  100.000 0.861462E+06 0.436941E+02    9  -99.0000 0.100000E+10   -999 -.990000E+02    5.6000 0.230843E+04     24   -28.400 0.486336E+02    179 0.869496E+03         511.0000 -.990000E+02
 1433731387    0.8275    0.8398    0.8401  -99.0000 0.105844E+05      1   -24.597  100.000 0.787664E+06 0.435944E+02    9  -99.0000 0.100000E+10   -999 -.990000E+02    5.8400 0.242822E+04     21   -27.916 0.487399E+02    188 0.105678E+04         511.0000 -.990000E+02
 1145871214    0.8084    0.7999    0.8002  -99.0000 0.718768E+04      1   -24.403  100.000 0.701320E+06 0.435319E+02    9  -99.0000 0.100000E+10   -999 -.990000E+02    5.8400 0.165873E+04     14   -27.689 0.487399E+02    192 0.104211E+04         511.0000 -.990000E+02
  957505952    0.9480    0.9596    0.9601  -99.0000 0.108234E+05      1   -25.129  100.000 0.129311E+07 0.439584E+02    9  -99.0000 0.100000E+10   -999 -.990000E+02    5.6400 0.461892E+04     24   -28.390 0.486517E+02    177 0.178345E+04         511.0000 -.990000E+02
  972912551    0.9200    0.9199    0.9201  -99.0000 0.305948E+05      1   -25.809  100.000 0.249460E+07 0.438781E+02    9    0.0000 0.127080E+06      8 -.990000E+02    5.6400 0.594536E+04     24   -29.232 0.486517E+02    181 0.372347E+04         511.0000 -.990000E+02
  971002426    0.8063    0.7999    0.8001  -99.0000 0.972884E+04      1   -24.680  100.000 0.899109E+06 0.435250E+02    9  -99.0000 0.100000E+10   -999 -.990000E+02    5.8400 0.199507E+04     14   -27.946 0.487399E+02    192 0.165136E+04         511.0000 -.990000E+02
  889828541    0.9424    0.9600    0.9600  -99.0000 0.330946E+05      1   -25.834  100.000 0.244060E+07 0.439427E+02    9  -99.0000 0.100000E+10   -999 -.990000E+02    5.6800 0.231512E+05     24   -29.095 0.486696E+02    182 0.107184E+05         511.0000 -.990000E+02
 1393635864    0.9827    1.0000    1.0000  -99.0000 0.270457E+05      1   -25.994  100.000 0.283401E+07 0.440548E+02    9  -99.0000 0.100000E+10   -999 -.990000E+02    6.3000 0.232309E+05     23   -30.125 0.489312E+02    207 0.787105E+04         511.0000 -.990000E+02
 1348893696    0.8315    0.8399    0.8400  -99.0000 0.176746E+05      1   -25.201  100.000 0.139024E+07 0.436073E+02    9  -99.0000 0.100000E+10   -999 -.990000E+02    5.5200 0.629102E+04     24   -28.890 0.485972E+02    190 0.294068E+04         511.0000 -.990000E+02
 1557305406    0.8832    0.8797    0.8805  -99.0000 0.923913E+04      1   -24.702  100.000 0.908753E+06 0.437687E+02    9  -99.0000 0.100000E+10   -999 -.990000E+02    5.6000 0.291159E+04     24   -28.333 0.486336E+02    179 0.105014E+04         511.0000 -.990000E+02
 1250354226    0.8365    0.8398    0.8401  -99.0000 0.369336E+04      1   -24.569  100.000 0.788566E+06 0.436232E+02    9  -99.0000 0.100000E+10   -999 -.990000E+02    5.4800 0.936080E+03     24   -28.228 0.485787E+02    171 0.824615E+03         511.0000 -.990000E+02
 1318042141    0.8095    0.7999    0.8002  -99.0000 0.659988E+04      1   -24.269  100.000 0.621927E+06 0.435355E+02    9  -99.0000 0.100000E+10   -999 -.990000E+02    5.8400 0.114889E+04     21   -27.781 0.487399E+02    193 0.844509E+03         511.0000 -.990000E+02
 1590342273    0.8309    0.8398    0.8401  -99.0000 0.482101E+04      1   -24.591  100.000 0.791507E+06 0.436055E+02    9  -99.0000 0.100000E+10   -999 -.990000E+02    5.4400 0.138505E+04     24   -28.178 0.485601E+02    214 0.739905E+03         511.0000 -.990000E+02
 1429445814    0.7881    0.7997    0.8001  -99.0000 0.669469E+04      1   -24.247  100.000 0.570810E+06 0.434641E+02    9  -99.0000 0.100000E+10   -999 -.990000E+02    5.8400 0.136152E+04     21   -27.799 0.487399E+02    190 0.648907E+03         511.0000 -.990000E+02
 1161695107    0.8180    0.8000    0.8002  -99.0000 0.400931E+05      1   -25.514  100.000 0.200883E+07 0.435636E+02    9    0.0000 0.155325E+06      8 -.990000E+02    5.8400 0.923322E+04     21   -29.077 0.487399E+02    191 0.679704E+04         511.0000 -.990000E+02
 1532999583    0.9256    0.9200    0.9201  -99.0000 0.215363E+05      1   -25.498  100.000 0.190237E+07 0.438942E+02    9  -99.0000 0.100000E+10   -999 -.990000E+02    1.1600 0.160897E+05     10   -25.994 0.445004E+02    158 0.157123E+05         511.0000 -.990000E+02
  929336649    0.8447    0.8400    0.8401  -99.0000 0.147563E+05      1   -25.033  100.000 0.123743E+07 0.436494E+02    9  -99.0000 0.100000E+10   -999 -.990000E+02    5.5200 0.469745E+04     24   -28.733 0.485972E+02    213 0.239082E+04         511.0000 -.990000E+02
 1083096036    1.3172    1.3199    1.3201  -99.0000 0.477066E+04      6   -25.951  100.000 0.278208E+16 0.448419E+02    9  -99.0000 0.100000E+10   -999 -.990000E+02    0.7600 0.474306E+04     27   -22.522 0.433672E+02    136 0.159050E+05         511.0000 -.990000E+02
 1388278855    0.7975    0.7999    0.8001  -99.0000 0.793701E+04      1   -24.324  100.000 0.630353E+06 0.434957E+02    9  -99.0000 0.100000E+10   -999 -.990000E+02    5.8400 0.175322E+04     14   -27.591 0.487399E+02    193 0.784902E+03         511.0000 -.990000E+02
 1262871258    1.0350    1.0400    1.0400  -99.0000 0.411604E+05      8   -25.994  100.000 0.212186E+16 0.441941E+02    9  -99.0000 0.100000E+10   -999 -.990000E+02    1.1600 0.866666E+04      9   -26.739 0.445004E+02    176 0.560320E+05         511.0000 -.990000E+02
 1163005167    0.8446    0.8399    0.8401  -99.0000 0.122941E+05      1   -24.752  100.000 0.955874E+06 0.436492E+02    9  -99.0000 0.100000E+10   -999 -.990000E+02    5.8400 0.241507E+04     20   -28.389 0.487399E+02    188 0.131662E+04         511.0000 -.990000E+02
  963203898    0.8422    0.8399    0.8401  -99.0000 0.932366E+04      1   -24.786  100.000 0.978533E+06 0.436415E+02    9  -99.0000 0.100000E+10   -999 -.990000E+02    5.5200 0.292409E+04     24   -28.492 0.485972E+02    191 0.180926E+04         511.0000 -.990000E+02
 1548372626    1.0259    1.0400    1.0400  -99.0000 0.522380E+05      1   -25.926  100.000 0.268675E+07 0.441703E+02    8  -99.0000 0.100000E+10   -999 -.990000E+02    5.9200 0.199683E+05     27   -30.189 0.487743E+02    176 0.141575E+05         510.0000 -.990000E+02
  924803942    0.9632    0.9599    0.9601  -99.0000 0.106869E+05      1   -25.348  100.000 0.164563E+07 0.440012E+02    9  -99.0000 0.100000E+10   -999 -.990000E+02    5.6400 0.433218E+04     24   -28.569 0.486517E+02    177 0.157299E+04         511.0000 -.990000E+02
 1567953916    0.8347    0.8399    0.8401  -99.0000 0.142175E+05      1   -24.913  100.000 0.107658E+07 0.436176E+02    9  -99.0000 0.100000E+10   -999 -.990000E+02    5.5200 0.300799E+04     24   -28.623 0.485972E+02    190 0.155320E+04         511.0000 -.990000E+02
 1147489857    1.0221    1.0399    1.0400  -99.0000 0.627107E+04      1   -25.977  100.000 0.279000E+07 0.441603E+02    9  -99.0000 0.100000E+10   -999 -.990000E+02    1.4000 0.653385E+04     10   -26.800 0.450055E+02    178 0.124242E+05         511.0000 -.990000E+02
 1426698366    0.8493    0.8399    0.8402  -99.0000 0.982956E+04      1   -24.674  100.000 0.901808E+06 0.436640E+02    9  -99.0000 0.100000E+10   -999 -.990000E+02    5.6000 0.232912E+04     24   -28.484 0.486336E+02    183 0.102150E+04         511.0000 -.990000E+02
 1413824628    0.8439    0.8399    0.8402  -99.0000 0.830010E+04      1   -24.353  100.000 0.660338E+06 0.436468E+02    8  -99.0000 0.100000E+10   -999 -.990000E+02    5.6400 0.250836E+04     24   -28.281 0.486517E+02    183 0.784182E+03         510.0000 -.990000E+02
  954453545    0.8313    0.8396    0.8401  -99.0000 0.411365E+04      1   -24.514  100.000 0.738060E+06 0.436067E+02    9  -99.0000 0.100000E+10   -999 -.990000E+02    5.5200 0.144284E+04     24   -28.205 0.485972E+02    177 0.961785E+03         511.0000 -.990000E+02
 1533972591    0.8087    0.7998    0.8005  -99.0000 0.281038E+04      1   -24.297  100.000 0.636750E+06 0.435330E+02    9  -99.0000 0.100000E+10   -999 -.990000E+02    5.8400 0.915888E+03     21   -27.777 0.487399E+02    193 0.564800E+03         511.0000 -.990000E+02
 1178572749    0.8962    0.8799    0.8807  -99.0000 0.319237E+05      1   -24.695  100.000 0.935884E+06 0.438080E+02    9  -99.0000 0.100000E+10   -999 -.990000E+02    6.0000 0.615894E+04     22   -28.679 0.488082E+02    158 0.202256E+05         511.0000 -.990000E+02
 1443594897    0.8298    0.8396    0.8401  -99.0000 0.620513E+04      1   -24.307  100.000 0.607146E+06 0.436018E+02    9  -99.0000 0.100000E+10   -999 -.990000E+02    5.8800 0.165374E+04     21   -27.692 0.487571E+02    183 0.718671E+03         511.0000 -.990000E+02
 1587432023    0.9033    0.9191    0.9201  -99.0000 0.318362E+04      1   -24.948  100.000 0.107857E+07 0.438288E+02    9  -99.0000 0.100000E+10   -999 -.990000E+02    1.1600 0.243325E+04     10   -25.427 0.445004E+02    165 0.369024E+04         511.0000 -.990000E+02
  930360947    0.8332    0.8398    0.8401  -99.0000 0.492625E+04      1   -24.441  100.000 0.693961E+06 0.436128E+02    9  -99.0000 0.100000E+10   -999 -.990000E+02    5.8400 0.742959E+03     21   -27.702 0.487399E+02    193 0.532401E+03         511.0000 -.990000E+02
 1435746730    0.8066    0.7999    0.8002  -99.0000 0.692750E+04      1   -24.162  100.000 0.558720E+06 0.435261E+02    9  -99.0000 0.100000E+10   -999 -.990000E+02    5.8800 0.598371E+03     14   -27.484 0.487571E+02    193 0.434487E+03         511.0000 -.990000E+02
 1424852383    0.8004    0.7999    0.8001  -99.0000 0.151739E+05      1   -24.648  100.000 0.857732E+06 0.435053E+02    9  -99.0000 0.100000E+10   -999 -.990000E+02    5.8400 0.326472E+04     21   -28.190 0.487399E+02    190 0.150354E+04         511.0000 -.990000E+02
  978786783    0.8251    0.8397    0.8400  -99.0000 0.903666E+04      1   -24.889  100.000 0.102337E+07 0.435866E+02    9  -99.0000 0.100000E+10   -999 -.990000E+02    5.8400 0.188492E+04     21   -28.146 0.487399E+02    193 0.118980E+04         511.0000 -.990000E+02
 1000339557    0.8426    0.8399    0.8401  -99.0000 0.111259E+05      1   -24.874  100.000 0.106333E+07 0.436428E+02    9  -99.0000 0.100000E+10   -999 -.990000E+02    5.8400 0.222055E+04     20   -28.463 0.487399E+02    188 0.121726E+04         511.0000 -.990000E+02
 1555083277    0.8566    0.8399    0.8407  -99.0000 0.778486E+04      1   -24.698  100.000 0.941133E+06 0.436869E+02    9  -99.0000 0.100000E+10   -999 -.990000E+02    5.5600 0.139535E+04     24   -28.455 0.486155E+02    179 0.862772E+03         511.0000 -.990000E+02
  985106126    0.3742    0.3600    0.3602  -99.0000 0.276562E+05      6   -21.839  100.000 0.386366E+14 0.415158E+02    9    0.0000 0.390528E+05      6 -.990000E+02    0.0000 0.232709E+05     16    -9.936 0.000000E+00     51 0.376240E+05         511.0000 -.990000E+02
 1295584465    0.8419    0.8399    0.8401  -99.0000 0.112077E+05      1   -24.583  100.000 0.810935E+06 0.436405E+02    9  -99.0000 0.100000E+10   -999 -.990000E+02    5.8800 0.234052E+04     21   -27.954 0.487571E+02    183 0.124443E+04         511.0000 -.990000E+02
 1010573384    1.1033    1.1200    1.1200  -99.0000 0.465745E+05      1   -25.956  100.000 0.275296E+07 0.443658E+02    7  -99.0000 0.100000E+10   -999 -.990000E+02    6.7000 0.249339E+05     19   -29.576 0.490861E+02    207 0.283995E+05         508.0000 -.990000E+02
 1121835215    0.8109    0.7999    0.8002  -99.0000 0.952868E+04      1   -24.441  100.000 0.731876E+06 0.435402E+02    9  -99.0000 0.100000E+10   -999 -.990000E+02    5.8400 0.198875E+04     21   -27.944 0.487399E+02    193 0.110495E+04         511.0000 -.990000E+02
 1159979725    0.8045    0.8000    0.8000  -99.0000 0.229986E+05      1   -25.094  100.000 0.131021E+07 0.435192E+02    9  -99.0000 0.100000E+10   -999 -.990000E+02    5.8400 0.530370E+04     14   -28.384 0.487399E+02    193 0.261680E+04         511.0000 -.990000E+02
 1562519737    0.8273    0.8399    0.8400  -99.0000 0.195627E+05      1   -25.351  100.000 0.157663E+07 0.435937E+02    9    0.0000 0.985680E+05      8 -.990000E+02    5.4400 0.570551E+04     24   -28.939 0.485601E+02    193 0.406678E+04         511.0000 -.990000E+02
 1014504678    0.8313    0.8399    0.8401  -99.0000 0.110190E+05      1   -24.833  100.000 0.989752E+06 0.436067E+02    9  -99.0000 0.100000E+10   -999 -.990000E+02    5.8400 0.329552E+04     21   -28.104 0.487399E+02    193 0.256898E+04         511.0000 -.990000E+02
  969958365    0.8492    0.8399    0.8402  -99.0000 0.643722E+04      1   -24.837  100.000 0.104738E+07 0.436637E+02    9  -99.0000 0.100000E+10   -999 -.990000E+02    5.5200 0.868854E+03     24   -28.525 0.485972E+02    193 0.139064E+04         511.0000 -.990000E+02
  929108832    0.8362    0.8399    0.8401  -99.0000 0.791626E+04      1   -24.597  100.000 0.808376E+06 0.436224E+02    9  -99.0000 0.100000E+10   -999 -.990000E+02    5.8400 0.171801E+04     21   -27.884 0.487399E+02    191 0.135750E+04         511.0000 -.990000E+02
  911889956    0.8199    0.7999    0.8369  -99.0000 0.417160E+04      1   -24.150  100.000 0.575157E+06 0.435697E+02    9  -99.0000 0.100000E+10   -999 -.990000E+02    5.8400 0.740149E+03     21   -27.635 0.487399E+02    193 0.541003E+03         511.0000 -.990000E+02
 1475089598    0.8163    0.7999    0.8009  -99.0000 0.454022E+04      1   -24.178  100.000 0.583536E+06 0.435579E+02    9  -99.0000 0.100000E+10   -999 -.990000E+02    5.4800 0.127842E+04     24   -28.043 0.485787E+02    193 0.770558E+03         511.0000 -.990000E+02
  937479369    0.8433    0.8399    0.8402  -99.0000 0.566010E+04      1   -24.343  100.000 0.653299E+06 0.436451E+02    9  -99.0000 0.100000E+10   -999 -.990000E+02    5.8400 0.932272E+03     20   -27.945 0.487399E+02    191 0.831747E+03         511.0000 -.990000E+02
 1472171603    1.0665    1.0800    1.0800  -99.0000 0.400382E+05      1   -25.948  100.000 0.274951E+07 0.442745E+02    9  -99.0000 0.100000E+10   -999 -.990000E+02    5.9600 0.784504E+04     27   -30.073 0.487913E+02    176 0.107977E+05         511.0000 -.990000E+02
 1252952221    0.8016    0.7999    0.8001  -99.0000 0.782960E+04      1   -24.307  100.000 0.628600E+06 0.435095E+02    9  -99.0000 0.100000E+10   -999 -.990000E+02    5.8400 0.162188E+04     21   -27.834 0.487399E+02    191 0.818397E+03         511.0000 -.990000E+02
 1393450577    0.8229    0.8395    0.8400  -99.0000 0.753491E+04      6   -24.030  100.000 0.453066E+15 0.435795E+02    9  -99.0000 0.100000E+10   -999 -.990000E+02    1.1200 0.565308E+04     28   -24.843 0.444061E+02    136 0.946120E+04         511.0000 -.990000E+02
 1026623451    1.0602    1.0565    1.0801  -99.0000 0.112692E+05      1   -25.712  100.000 0.218099E+07 0.442588E+02    9  -99.0000 0.100000E+10   -999 -.990000E+02    5.9200 0.849990E+04     17   -29.198 0.487743E+02    182 0.385779E+04         511.0000 -.990000E+02
 1575482381    0.8064    0.7999    0.8001  -99.0000 0.825440E+04      1   -24.282  100.000 0.623315E+06 0.435252E+02    9  -99.0000 0.100000E+10   -999 -.990000E+02    5.8400 0.159522E+04     21   -27.808 0.487399E+02    190 0.920870E+03         511.0000 -.990000E+02
 1032954080    0.8192    0.8000    0.8005  -99.0000 0.457175E+05      1   -25.373  100.000 0.177066E+07 0.435676E+02    9    0.0000 0.163480E+06      8 -.990000E+02    5.8400 0.130538E+05     21   -28.867 0.487399E+02    190 0.628008E+04         511.0000 -.990000E+02
 1543828700    0.8097    0.7999    0.8002  -99.0000 0.852770E+04      1   -24.396  100.000 0.699455E+06 0.435363E+02    9  -99.0000 0.100000E+10   -999 -.990000E+02    5.8400 0.161690E+04     14   -27.651 0.487399E+02    192 0.726530E+03         511.0000 -.990000E+02
 1412993362    0.8086    0.7999    0.8002  -99.0000 0.725883E+04      1   -24.364  100.000 0.676995E+06 0.435326E+02    9  -99.0000 0.100000E+10   -999 -.990000E+02    5.8400 0.149011E+04     14   -27.621 0.487399E+02    192 0.625011E+03         511.0000 -.990000E+02
 1539887979    0.8054    0.7999    0.8001  -99.0000 0.113091E+05      1   -24.248  100.000 0.602432E+06 0.435220E+02    9  -99.0000 0.100000E+10   -999 -.990000E+02    5.8800 0.252780E+04     14   -27.608 0.487571E+02    188 0.952080E+03         511.0000 -.990000E+02
 1201297008    0.8385    0.8399    0.8401  -99.0000 0.911796E+04      1   -24.499  100.000 0.743129E+06 0.436296E+02    9  -99.0000 0.100000E+10   -999 -.990000E+02    5.8800 0.246690E+04     21   -27.817 0.487571E+02    188 0.144472E+04         511.0000 -.990000E+02
 1067430031    0.8444    0.8399    0.8401  -99.0000 0.121050E+05      1   -24.906  100.000 0.110085E+07 0.436485E+02    9  -99.0000 0.100000E+10   -999 -.990000E+02    5.8400 0.128813E+04     21   -28.182 0.487399E+02    191 0.111038E+04         511.0000 -.990000E+02
 1373314882    0.9750    0.9600    0.9601  -99.0000 0.627913E+05      8   -25.886  100.000 0.202032E+16 0.440339E+02    9    0.0000 0.104566E+06      7 -.990000E+02    4.0400 0.123803E+05     28   -30.519 0.477995E+02    176 0.737644E+05         511.0000 -.990000E+02
  949618761    0.8041    0.7999    0.8002  -99.0000 0.681583E+04      1   -24.547  100.000 0.790249E+06 0.435176E+02    9  -99.0000 0.100000E+10   -999 -.990000E+02    5.8400 0.184671E+04     21   -28.066 0.487399E+02    190 0.117252E+04         511.0000 -.990000E+02
 1352274032    0.8154    0.8000    0.8003  -99.0000 0.106296E+05      1   -24.658  100.000 0.906329E+06 0.435550E+02    9  -99.0000 0.100000E+10   -999 -.990000E+02    5.4400 0.324735E+04     24   -28.469 0.485601E+02    193 0.206263E+04         511.0000 -.990000E+02
  957458394    0.8290    0.8398    0.8401  -99.0000 0.777291E+04      1   -24.784  100.000 0.939470E+06 0.435992E+02    9  -99.0000 0.100000E+10   -999 -.990000E+02    5.8400 0.887282E+03     21   -28.083 0.487399E+02    191 0.805689E+03         511.0000 -.990000E+02
  889743772    0.8717    0.8794    0.8803  -99.0000 0.862044E+04      1   -24.771  100.000 0.936768E+06 0.437335E+02    9  -99.0000 0.100000E+10   -999 -.990000E+02    5.6000 0.289920E+04     24   -28.413 0.486336E+02    179 0.125002E+04         511.0000 -.990000E+02
 1487367455    0.8176    0.8000    0.8003  -99.0000 0.191355E+05      1   -25.043  100.000 0.129988E+07 0.435621E+02    9  -99.0000 0.100000E+10   -999 -.990000E+02    5.4800 0.629950E+04     24   -28.937 0.485787E+02    193 0.341999E+04         511.0000 -.990000E+02
 1089922020    0.8219    0.8394    0.8400  -99.0000 0.205945E+05      1   -25.120  100.000 0.125390E+07 0.435761E+02    9  -99.0000 0.100000E+10   -999 -.990000E+02    5.8800 0.572406E+04     21   -28.487 0.487571E+02    188 0.281342E+04         511.0000 -.990000E+02
